<?xml version="1.0" encoding="UTF-8"?>
<testng-results ignored="0" total="1" passed="1" failed="0" skipped="0">
  <reporter-output>
  </reporter-output>
  <suite started-at="2023-08-08T17:29:32 EEST" name="All Test Suite" finished-at="2023-08-08T17:29:38 EEST" duration-ms="5992">
    <groups>
    </groups>
    <test started-at="2023-08-08T17:29:32 EEST" name="YourTestName" finished-at="2023-08-08T17:29:38 EEST" duration-ms="5992">
      <class name="SuccessfulLoginTest">
        <test-method is-config="true" signature="setUp()[pri:0, instance:SuccessfulLoginTest@157632c9]" started-at="2023-08-08T17:29:32 EEST" name="setUp" finished-at="2023-08-08T17:29:38 EEST" duration-ms="5747" status="PASS">
          <reporter-output>
          </reporter-output>
        </test-method> <!-- setUp -->
        <test-method signature="successfulLogin()[pri:0, instance:SuccessfulLoginTest@157632c9]" started-at="2023-08-08T17:29:38 EEST" name="successfulLogin" finished-at="2023-08-08T17:29:38 EEST" duration-ms="1" status="PASS">
          <reporter-output>
          </reporter-output>
        </test-method> <!-- successfulLogin -->
        <test-method is-config="true" signature="tearDown()[pri:0, instance:SuccessfulLoginTest@157632c9]" started-at="2023-08-08T17:29:38 EEST" name="tearDown" finished-at="2023-08-08T17:29:38 EEST" duration-ms="198" status="PASS">
          <reporter-output>
          </reporter-output>
        </test-method> <!-- tearDown -->
      </class> <!-- SuccessfulLoginTest -->
    </test> <!-- YourTestName -->
  </suite> <!-- All Test Suite -->
</testng-results>
